status=PASS
implementation=rx7900xtx_24g_backend
scale_sweep=READY
determinism=PASS
timing_breakdown=PASS
direct_gpu_lde=PASS
device_resident_openings=PASS
scale_log2=27
trace_log2=18
lde_rows=2097152
fri_fold_rounds=17
query_count=64
terminal_elements=16
trace_root=0xb1d57278bcd3dbd0;0x380b6f649cdbf5e8;0x7cd2b78fff206e69;0xa55a7d3099b18fd7
proof_bytes=1102428
proof_fnv=ad0ac11538a7365a
verifier=PASS
run=1
status=PASS
implementation=rx7900xtx_24g_backend
scale_sweep=READY
determinism=PASS
timing_breakdown=PASS
direct_gpu_lde=PASS
device_resident_openings=PASS
scale_log2=27
trace_log2=18
lde_rows=2097152
fri_fold_rounds=17
query_count=64
terminal_elements=16
trace_root=0xb1d57278bcd3dbd0;0x380b6f649cdbf5e8;0x7cd2b78fff206e69;0xa55a7d3099b18fd7
proof_bytes=1102428
proof_fnv=ad0ac11538a7365a
verifier=PASS
run=2
status=PASS
implementation=rx7900xtx_24g_backend
scale_sweep=READY
determinism=PASS
timing_breakdown=PASS
direct_gpu_lde=PASS
device_resident_openings=PASS
scale_log2=27
trace_log2=18
lde_rows=2097152
fri_fold_rounds=17
query_count=64
terminal_elements=16
trace_root=0xb1d57278bcd3dbd0;0x380b6f649cdbf5e8;0x7cd2b78fff206e69;0xa55a7d3099b18fd7
proof_bytes=1102428
proof_fnv=ad0ac11538a7365a
verifier=PASS
run=3
