status=PASS
implementation=rx7900xtx_24g_backend
scale_sweep=READY
determinism=PASS
timing_breakdown=PASS
direct_gpu_lde=PASS
device_resident_openings=PASS
scale_log2=23
trace_log2=14
lde_rows=131072
fri_fold_rounds=13
query_count=64
terminal_elements=16
trace_root=0x4d923859d25a82a1;0xa270b3b3ee4a0f20;0x43a75a41eec3783b;0xc95f05a2c9e09982
proof_bytes=756188
proof_fnv=5f6556a11e613a82
verifier=PASS
run=1
status=PASS
implementation=rx7900xtx_24g_backend
scale_sweep=READY
determinism=PASS
timing_breakdown=PASS
direct_gpu_lde=PASS
device_resident_openings=PASS
scale_log2=23
trace_log2=14
lde_rows=131072
fri_fold_rounds=13
query_count=64
terminal_elements=16
trace_root=0x4d923859d25a82a1;0xa270b3b3ee4a0f20;0x43a75a41eec3783b;0xc95f05a2c9e09982
proof_bytes=756188
proof_fnv=5f6556a11e613a82
verifier=PASS
run=2
status=PASS
implementation=rx7900xtx_24g_backend
scale_sweep=READY
determinism=PASS
timing_breakdown=PASS
direct_gpu_lde=PASS
device_resident_openings=PASS
scale_log2=23
trace_log2=14
lde_rows=131072
fri_fold_rounds=13
query_count=64
terminal_elements=16
trace_root=0x4d923859d25a82a1;0xa270b3b3ee4a0f20;0x43a75a41eec3783b;0xc95f05a2c9e09982
proof_bytes=756188
proof_fnv=5f6556a11e613a82
verifier=PASS
run=3
