status=PASS
implementation=rx7900xtx_24g_backend
scale_sweep=READY
determinism=PASS
timing_breakdown=PASS
direct_gpu_lde=PASS
device_resident_openings=PASS
scale_log2=21
trace_log2=12
lde_rows=32768
fri_fold_rounds=11
query_count=64
terminal_elements=16
trace_root=0x4d7c912463e58c43;0x523a139f67bfa0ea;0xa64bbf1b54c93fae;0x647111ba27f673ad
proof_bytes=607644
proof_fnv=55834c3b594ea9a9
verifier=PASS
run=1
status=PASS
implementation=rx7900xtx_24g_backend
scale_sweep=READY
determinism=PASS
timing_breakdown=PASS
direct_gpu_lde=PASS
device_resident_openings=PASS
scale_log2=21
trace_log2=12
lde_rows=32768
fri_fold_rounds=11
query_count=64
terminal_elements=16
trace_root=0x4d7c912463e58c43;0x523a139f67bfa0ea;0xa64bbf1b54c93fae;0x647111ba27f673ad
proof_bytes=607644
proof_fnv=55834c3b594ea9a9
verifier=PASS
run=2
status=PASS
implementation=rx7900xtx_24g_backend
scale_sweep=READY
determinism=PASS
timing_breakdown=PASS
direct_gpu_lde=PASS
device_resident_openings=PASS
scale_log2=21
trace_log2=12
lde_rows=32768
fri_fold_rounds=11
query_count=64
terminal_elements=16
trace_root=0x4d7c912463e58c43;0x523a139f67bfa0ea;0xa64bbf1b54c93fae;0x647111ba27f673ad
proof_bytes=607644
proof_fnv=55834c3b594ea9a9
verifier=PASS
run=3
