status=PASS
implementation=rx7900xtx_24g_backend
scale_sweep=READY
determinism=PASS
timing_breakdown=PASS
direct_gpu_lde=PASS
device_resident_openings=PASS
scale_log2=22
trace_log2=13
lde_rows=65536
fri_fold_rounds=12
query_count=64
terminal_elements=16
trace_root=0xec8f21eb3fe68452;0xba04e9bf87e7c677;0x737281b983504573;0xca90da9086e61e72
proof_bytes=679868
proof_fnv=10c49a175f2a513a
verifier=PASS
run=1
status=PASS
implementation=rx7900xtx_24g_backend
scale_sweep=READY
determinism=PASS
timing_breakdown=PASS
direct_gpu_lde=PASS
device_resident_openings=PASS
scale_log2=22
trace_log2=13
lde_rows=65536
fri_fold_rounds=12
query_count=64
terminal_elements=16
trace_root=0xec8f21eb3fe68452;0xba04e9bf87e7c677;0x737281b983504573;0xca90da9086e61e72
proof_bytes=679868
proof_fnv=10c49a175f2a513a
verifier=PASS
run=2
status=PASS
implementation=rx7900xtx_24g_backend
scale_sweep=READY
determinism=PASS
timing_breakdown=PASS
direct_gpu_lde=PASS
device_resident_openings=PASS
scale_log2=22
trace_log2=13
lde_rows=65536
fri_fold_rounds=12
query_count=64
terminal_elements=16
trace_root=0xec8f21eb3fe68452;0xba04e9bf87e7c677;0x737281b983504573;0xca90da9086e61e72
proof_bytes=679868
proof_fnv=10c49a175f2a513a
verifier=PASS
run=3
