status=PASS
implementation=rx7900xtx_24g_backend
scale_sweep=READY
determinism=PASS
timing_breakdown=PASS
direct_gpu_lde=PASS
device_resident_openings=PASS
scale_log2=24
trace_log2=15
lde_rows=262144
fri_fold_rounds=14
query_count=64
terminal_elements=16
trace_root=0xee1fa01c33376481;0x81c1177b7a28a431;0xcc8dcb1936315d79;0x0a41fd33a5510620
proof_bytes=836604
proof_fnv=a34756950efb6984
verifier=PASS
run=1
status=PASS
implementation=rx7900xtx_24g_backend
scale_sweep=READY
determinism=PASS
timing_breakdown=PASS
direct_gpu_lde=PASS
device_resident_openings=PASS
scale_log2=24
trace_log2=15
lde_rows=262144
fri_fold_rounds=14
query_count=64
terminal_elements=16
trace_root=0xee1fa01c33376481;0x81c1177b7a28a431;0xcc8dcb1936315d79;0x0a41fd33a5510620
proof_bytes=836604
proof_fnv=a34756950efb6984
verifier=PASS
run=2
status=PASS
implementation=rx7900xtx_24g_backend
scale_sweep=READY
determinism=PASS
timing_breakdown=PASS
direct_gpu_lde=PASS
device_resident_openings=PASS
scale_log2=24
trace_log2=15
lde_rows=262144
fri_fold_rounds=14
query_count=64
terminal_elements=16
trace_root=0xee1fa01c33376481;0x81c1177b7a28a431;0xcc8dcb1936315d79;0x0a41fd33a5510620
proof_bytes=836604
proof_fnv=a34756950efb6984
verifier=PASS
run=3
