status=PASS
implementation=rx7900xtx_24g_backend
scale_sweep=READY
determinism=PASS
timing_breakdown=PASS
direct_gpu_lde=PASS
device_resident_openings=PASS
scale_log2=26
trace_log2=17
lde_rows=1048576
fri_fold_rounds=16
query_count=64
terminal_elements=16
trace_root=0xb2682adc0838fe47;0x69c8044b66f23e15;0x73b1b0318a651ff4;0x719c07b6545644a9
proof_bytes=1009724
proof_fnv=64189b8c8ca3673c
verifier=PASS
run=1
status=PASS
implementation=rx7900xtx_24g_backend
scale_sweep=READY
determinism=PASS
timing_breakdown=PASS
direct_gpu_lde=PASS
device_resident_openings=PASS
scale_log2=26
trace_log2=17
lde_rows=1048576
fri_fold_rounds=16
query_count=64
terminal_elements=16
trace_root=0xb2682adc0838fe47;0x69c8044b66f23e15;0x73b1b0318a651ff4;0x719c07b6545644a9
proof_bytes=1009724
proof_fnv=64189b8c8ca3673c
verifier=PASS
run=2
status=PASS
implementation=rx7900xtx_24g_backend
scale_sweep=READY
determinism=PASS
timing_breakdown=PASS
direct_gpu_lde=PASS
device_resident_openings=PASS
scale_log2=26
trace_log2=17
lde_rows=1048576
fri_fold_rounds=16
query_count=64
terminal_elements=16
trace_root=0xb2682adc0838fe47;0x69c8044b66f23e15;0x73b1b0318a651ff4;0x719c07b6545644a9
proof_bytes=1009724
proof_fnv=64189b8c8ca3673c
verifier=PASS
run=3
