status=PASS
implementation=rx7900xtx_24g_backend
scale_sweep=READY
determinism=PASS
timing_breakdown=PASS
direct_gpu_lde=PASS
device_resident_openings=PASS
scale_log2=25
trace_log2=16
lde_rows=524288
fri_fold_rounds=15
query_count=64
terminal_elements=16
trace_root=0x3623ba2a5e159e31;0x7c82292328f2accb;0x059af422d2c1c6c9;0x13e1ee096a0eaf23
proof_bytes=921116
proof_fnv=9df9be926c342d5c
verifier=PASS
run=1
status=PASS
implementation=rx7900xtx_24g_backend
scale_sweep=READY
determinism=PASS
timing_breakdown=PASS
direct_gpu_lde=PASS
device_resident_openings=PASS
scale_log2=25
trace_log2=16
lde_rows=524288
fri_fold_rounds=15
query_count=64
terminal_elements=16
trace_root=0x3623ba2a5e159e31;0x7c82292328f2accb;0x059af422d2c1c6c9;0x13e1ee096a0eaf23
proof_bytes=921116
proof_fnv=9df9be926c342d5c
verifier=PASS
run=2
status=PASS
implementation=rx7900xtx_24g_backend
scale_sweep=READY
determinism=PASS
timing_breakdown=PASS
direct_gpu_lde=PASS
device_resident_openings=PASS
scale_log2=25
trace_log2=16
lde_rows=524288
fri_fold_rounds=15
query_count=64
terminal_elements=16
trace_root=0x3623ba2a5e159e31;0x7c82292328f2accb;0x059af422d2c1c6c9;0x13e1ee096a0eaf23
proof_bytes=921116
proof_fnv=9df9be926c342d5c
verifier=PASS
run=3
