status=PASS
implementation=rx7900xtx_24g_backend
scale_sweep=READY
determinism=PASS
timing_breakdown=PASS
direct_gpu_lde=PASS
device_resident_openings=PASS
scale_log2=20
trace_log2=11
lde_rows=16384
fri_fold_rounds=10
query_count=64
terminal_elements=16
trace_root=0x497e153d6e9d6e2a;0x44105c9bf84e6af1;0x72fb0e27747412d1;0x59d0f6e5ccb64a56
proof_bytes=539516
proof_fnv=1a0614193dbbff79
verifier=PASS
run=1
status=PASS
implementation=rx7900xtx_24g_backend
scale_sweep=READY
determinism=PASS
timing_breakdown=PASS
direct_gpu_lde=PASS
device_resident_openings=PASS
scale_log2=20
trace_log2=11
lde_rows=16384
fri_fold_rounds=10
query_count=64
terminal_elements=16
trace_root=0x497e153d6e9d6e2a;0x44105c9bf84e6af1;0x72fb0e27747412d1;0x59d0f6e5ccb64a56
proof_bytes=539516
proof_fnv=1a0614193dbbff79
verifier=PASS
run=2
status=PASS
implementation=rx7900xtx_24g_backend
scale_sweep=READY
determinism=PASS
timing_breakdown=PASS
direct_gpu_lde=PASS
device_resident_openings=PASS
scale_log2=20
trace_log2=11
lde_rows=16384
fri_fold_rounds=10
query_count=64
terminal_elements=16
trace_root=0x497e153d6e9d6e2a;0x44105c9bf84e6af1;0x72fb0e27747412d1;0x59d0f6e5ccb64a56
proof_bytes=539516
proof_fnv=1a0614193dbbff79
verifier=PASS
run=3
